<?xml version="1.0" encoding="UTF-8"?>
<!-- Generated by org.testng.reporters.JUnitReportReporter -->
<testsuite skipped="0" hostname="DESKTOP-6R1AA4B" name="createnew.createnewuser" tests="3" failures="0" timestamp="16 Jan 2019 08:43:53 GMT" time="135.198" errors="0">
  <testcase name="login" time="16.967" classname="createnew.createnewuser"/>
  <testcase name="test_case_01" time="7.266" classname="createnew.createnewuser"/>
  <testcase name="test_case_2" time="110.965" classname="createnew.createnewuser"/>
</testsuite> <!-- createnew.createnewuser -->
