<?xml version="1.0" encoding="UTF-8"?>
<!-- Generated by org.testng.reporters.JUnitReportReporter -->
<testsuite skipped="0" hostname="DESKTOP-6R1AA4B" name="createnew.create_dashboard" tests="2" failures="0" timestamp="21 Jan 2019 07:04:03 GMT" time="14.778" errors="0">
  <testcase name="dash_cre" time="13.872" classname="createnew.create_dashboard"/>
  <testcase name="set_default_dash" time="0.906" classname="createnew.create_dashboard"/>
</testsuite> <!-- createnew.create_dashboard -->
